<?xml version="1.0" encoding="UTF-8"?>
<!-- Generated by org.testng.reporters.JUnitReportReporter -->
<testsuite hostname="DESKTOP-04KD4QI" failures="0" tests="10" name="org.test.Test1" time="137.780" errors="0" timestamp="2024-05-10T09:28:49 IST" skipped="0">
  <testcase classname="org.test.Test1" name="tc1" time="17.397"/>
  <testcase classname="org.test.Test1" name="tc1" time="17.402"/>
  <testcase classname="org.test.Test1" name="tc2" time="15.559"/>
  <testcase classname="org.test.Test1" name="tc2" time="14.694"/>
  <testcase classname="org.test.Test1" name="tc3" time="11.119"/>
  <testcase classname="org.test.Test1" name="tc3" time="12.536"/>
  <testcase classname="org.test.Test1" name="tc4" time="10.783"/>
  <testcase classname="org.test.Test1" name="tc4" time="13.519"/>
  <testcase classname="org.test.Test1" name="tc5" time="12.359"/>
  <testcase classname="org.test.Test1" name="tc5" time="12.412"/>
</testsuite> <!-- org.test.Test1 -->
