<?xml version="1.0" encoding="UTF-8"?>
<!-- Generated by org.testng.reporters.JUnitReportReporter -->
<testsuite hostname="DESKTOP-04KD4QI" failures="0" tests="8" name="org.test.Test2" time="13.154" errors="0" timestamp="2024-05-10T08:59:34 IST" skipped="0">
  <testcase classname="org.test.Test2" name="loginPage" time="0.801"/>
  <testcase classname="org.test.Test2" name="loginPage" time="0.862"/>
  <testcase classname="org.test.Test2" name="OrderImportPage" time="2.192"/>
  <testcase classname="org.test.Test2" name="OrderImportPage" time="1.456"/>
  <testcase classname="org.test.Test2" name="ImportFile" time="2.354"/>
  <testcase classname="org.test.Test2" name="ImportFile" time="2.472"/>
  <testcase classname="org.test.Test2" name="loginPage1" time="1.892"/>
  <testcase classname="org.test.Test2" name="loginPage1" time="1.125"/>
</testsuite> <!-- org.test.Test2 -->
